Arguments: 
  C:\Program Files\nodejs\node.exe C:\Users\DEV_INTEGRAL\AppData\Roaming\npm\node_modules\yarn\bin\yarn.js add axios

PATH: 
  C:\Program Files\Git\mingw64\bin;C:\Program Files\Git\usr\bin;C:\Users\DEV_INTEGRAL\bin;C:\WINDOWS\system32;C:\WINDOWS;C:\WINDOWS\System32\Wbem;C:\WINDOWS\System32\WindowsPowerShell\v1.0;C:\Program Files\Git\cmd;C:\Program Files\nodejs;C:\WINDOWS\System32\OpenSSH;C:\Users\DEV_INTEGRAL\AppData\Local\Programs\Microsoft VS Code\bin;C:\Users\DEV_INTEGRAL\AppData\Roaming\npm;%USERPROFILE%\AppData\Local\Microsoft\WindowsApps

Yarn version: 
  1.22.17

Node version: 
  14.16.0

Platform: 
  win32 x64

Trace: 
  Error: getaddrinfo ENOTFOUND registry.yarnpkg.com
      at GetAddrInfoReqWrap.onlookup [as oncomplete] (dns.js:67:26)

npm manifest: 
  {
    "name": "testing101",
    "version": "1.0.0",
    "description": "",
    "main": "index.js",
    "scripts": {
      "start": "parcel index.html",
      "test": "jest --watchAll"
    },
    "keywords": [],
    "author": "",
    "license": "ISC",
    "devDependencies": {
      "babel-core": "^6.26.3",
      "babel-preset-env": "^1.6.1",
      "jest": "^22.4.3",
      "parcel-bundler": "^1.7.0"
    },
    "jest": {
      "verbose": true,
      "testURL": "http://localhost:1234/"
    }
  }

yarn manifest: 
  No manifest

Lockfile: 
  No lockfile
